  RSD_starter_video.cpp
c:\data\opencv\build\include\opencv2\flann\result_set.h(306): warning C4003: not enough actual parameters for macro 'max'
c:\data\opencv\build\include\opencv2\flann\result_set.h(428): warning C4003: not enough actual parameters for macro 'max'
c:\data\opencv\build\include\opencv2\flann\lsh_index.h(203): warning C4003: not enough actual parameters for macro 'max'
c:\data\opencv\build\include\opencv2\flann\lsh_index.h(269): warning C4003: not enough actual parameters for macro 'max'
RSD_starter_video.cpp(69): warning C4244: '=': conversion from '__int64' to 'int', possible loss of data
RSD_starter_video.cpp(70): warning C4244: '=': conversion from '__int64' to 'int', possible loss of data
RSD_starter_video.cpp(71): warning C4244: '=': conversion from '__int64' to 'int', possible loss of data
RSD_starter_video.cpp(120): warning C4244: '=': conversion from 'double' to 'int', possible loss of data
RSD_starter_video.cpp(81): warning C4101: 'filename': unreferenced local variable
c:\data\opencv\build\include\opencv2\core\cvstd.hpp(596): warning C4793: 'cv::String::String': function compiled as native:
  	Found an intrinsic not supported in managed code
c:\data\opencv\build\include\opencv2\core\cuda.inl.hpp(105): warning C4793: 'cv::cuda::GpuMat::GpuMat': function compiled as native:
  	Found an intrinsic not supported in managed code
c:\data\opencv\build\include\opencv2\core\cuda.inl.hpp(395): warning C4793: 'cv::cuda::HostMem::HostMem': function compiled as native:
  	Found an intrinsic not supported in managed code
c:\data\opencv\build\include\opencv2\core\mat.inl.hpp(413): warning C4793: 'cv::Mat::Mat': function compiled as native:
  	Found an intrinsic not supported in managed code
c:\data\opencv\build\include\opencv2\core\mat.inl.hpp(703): warning C4793: 'cv::Mat::release': function compiled as native:
  	Found an intrinsic not supported in managed code
c:\data\opencv\build\include\opencv2\core\mat.inl.hpp(1929): warning C4793: 'cv::SparseMat::addref': function compiled as native:
  	Found an intrinsic not supported in managed code
c:\data\opencv\build\include\opencv2\core\mat.inl.hpp(3530): warning C4793: 'cv::UMat::addref': function compiled as native:
  	Found an intrinsic not supported in managed code
c:\data\opencv\build\include\opencv2\core\ptr.inl.hpp(67): warning C4793: 'cv::detail::PtrOwner::incRef': function compiled as native:
  	Found an intrinsic not supported in managed code
c:\data\opencv\build\include\opencv2\core\ptr.inl.hpp(72): warning C4793: 'cv::detail::PtrOwner::decRef': function compiled as native:
  	Found an intrinsic not supported in managed code
c:\data\opencv\build\include\opencv2\core\cvstd.hpp(673): warning C4793: 'cv::String::operator=': function compiled as native:
  	Found an intrinsic not supported in managed code
  RobotHandEye.vcxproj -> H:\RME40003\HandEyeProject\x64\Debug\RobotHandEye.exe
  RobotHandEye.vcxproj -> H:\RME40003\HandEyeProject\x64\Debug\RobotHandEye.pdb (Full PDB)
